Drill Listing
=============
Drill: .015  Tool: 1  Feed: 095  Speed: 3
X 0675  Y 05925
X 0675  Y 05975
X 06895  Y 05175
X 0694  Y 0525
X 0694  Y 051
X 0704  Y 05875
X 0711  Y 05875
X 0711  Y 06075
X 0704  Y 06075
X 0675  Y 06025
X 0495  Y 066
X 049  Y 064
X 0485  Y 066
X 04825  Y 0645
X 04725  Y 0645
X 04675  Y 064
X 0337  Y 0812
X 03425  Y 0812
X 0348  Y 0812
X 04095  Y 0812
X 0415  Y 0812
X 04205  Y 0812
X 07275  Y 08635
X 07175  Y 08675
X 04555  Y 08545
X 045  Y 08545
X 04445  Y 08545
X 042  Y 08525
X 0415  Y 08525
X 041  Y 08525
X 0383  Y 08545
X 03775  Y 08545
X 0372  Y 08545
X 03475  Y 08525
X 03425  Y 08525
X 03375  Y 08525
X 0313  Y 08545
X 03075  Y 08545
X 0302  Y 08545
X 03025  Y 0895
X 03075  Y 0895
X 03125  Y 0895
X 03725  Y 0895
X 03775  Y 0895
X 03825  Y 0895
X 0445  Y 0895
X 045  Y 0895
X 0455  Y 0895
X 07225  Y 08745
Drill: .04  Tool: 2  Feed: 139  Speed: 55
X 023901  Y 069868
X 071098  Y 069887
X 071098  Y 073431
X 023901  Y 073412
Drill: .043  Tool: 3  Feed: 139  Speed: 55
X 03891  Y 04391
X 03891  Y 04615
X 03945  Y 04503
X 04  Y 04391
X 04  Y 04615
X 04054  Y 04503
X 04109  Y 04391
X 04109  Y 04615
X 04163  Y 04503
X 04218  Y 04391
X 04218  Y 04615
X 04272  Y 04503
X 04327  Y 04391
X 04327  Y 04615
X 04381  Y 04503
X 04436  Y 04391
X 04436  Y 04615
X 04489  Y 04503
X 04545  Y 04615
X 04545  Y 04391
X 04599  Y 04503
X 04654  Y 04615
X 04654  Y 04391
X 04708  Y 04503
X 04763  Y 04391
X 04763  Y 04615
X 04817  Y 04503
X 04872  Y 04615
X 04872  Y 04391
X 04926  Y 04503
X 04981  Y 04615
X 04981  Y 04391
X 05035  Y 04503
X 0509  Y 04615
X 0509  Y 04391
X 05144  Y 04503
X 05199  Y 04615
X 05199  Y 04391
X 05253  Y 04503
X 05308  Y 04391
X 05308  Y 04615
X 05362  Y 04503
X 05417  Y 04615
X 05417  Y 04391
X 05471  Y 04503
X 05526  Y 04615
X 05526  Y 04391
X 0558  Y 04503
X 05635  Y 04391
X 05635  Y 04615
X 0728  Y 0473
X 0728  Y 0483
X 0728  Y 0522
X 0728  Y 0532
X 0728  Y 0542
X 0728  Y 0552
X 0728  Y 0562
X 0728  Y 0601
X 0728  Y 0611
X 0728  Y 0621
X 0728  Y 0631
X 0728  Y 0641
X 0728  Y 0651
X 07265  Y 07225
X 07265  Y 071068
X 071468  Y 071068
X 071468  Y 07225
X 023531  Y 072231
X 023531  Y 07105
X 02235  Y 07105
X 02235  Y 072231
X 0231  Y 0781
X 0231  Y 07928
X 0231  Y 08046
X 03005  Y 08305
X 03105  Y 08305
X 03205  Y 08305
X 03715  Y 08305
X 03815  Y 08305
X 03915  Y 08305
X 0525  Y 08305
X 0535  Y 08305
X 0545  Y 08305
X 0555  Y 08305
X 06195  Y 08305
X 06295  Y 08305
X 06395  Y 08305
X 06495  Y 08305
X 07185  Y 08045
X 07185  Y 07927
X 07185  Y 07809
X 06965  Y 0874
X 06865  Y 0874
X 06765  Y 0874
X 06665  Y 0874
X 0602  Y 0874
X 0592  Y 0874
X 0582  Y 0874
X 0572  Y 0874
X 05075  Y 0874
X 04975  Y 0874
X 04875  Y 0874
X 04775  Y 0874
X 04265  Y 0874
X 04165  Y 0874
X 04065  Y 0874
X 03555  Y 0874
X 03455  Y 0874
X 03355  Y 0874
X 0285  Y 0874
X 0275  Y 0874
X 0265  Y 0874
Drill: .05  Tool: 4  Feed: 107  Speed: 55
X 02233  Y 07692
X 07262  Y 07691
X 07262  Y 08163
X 02233  Y 08164
Drill: .059  Tool: 5  Feed: 107  Speed: 55
X 02205  Y 04715
X 02205  Y 05305
X 02205  Y 05895
X 02205  Y 06485
Drill: .063  Tool: 6  Feed: 089  Speed: 55
X 02105  Y 04615
X 02105  Y 04815
X 02105  Y 05205
X 02305  Y 04615
X 02305  Y 05205
X 02305  Y 04815
X 02305  Y 05405
X 02305  Y 05795
X 02305  Y 05995
X 02105  Y 05405
X 02105  Y 05795
X 02105  Y 05995
X 02105  Y 06385
X 02105  Y 06585
X 02305  Y 06585
X 02305  Y 06385
Drill: .126  Tool: 7  Feed: 035  Speed: 794
X 03562  Y 04503
X 05964  Y 04503
Drill: .157  Tool: 8  Feed: 035  Speed: 9
X 02236  Y 04236
X 07264  Y 04236
X 06555  Y 0778
X 02236  Y 08764
End of Listing
