Drill Listing
=============
Drill: .01  Tool: 1  Feed: 095  Speed: 3
X 021  Y 0404
X 022  Y 0404
X 0204  Y 04065
X 02235  Y 04165
X 0204  Y 04185
X 02235  Y 04285
X 0209  Y 04445
X 022  Y 04445
X 0215  Y 04445
X 02035  Y 045
X 0215  Y 04545
X 0209  Y 04555
X 02035  Y 046
X 0228  Y 046
X 0228  Y 0465
X 02035  Y 047
X 02085  Y 04785
X 0215  Y 0479
X 02035  Y 048
X 02085  Y 04915
X 02235  Y 04915
X 022  Y 04915
X 02035  Y 0492
X 0204  Y 05125
X 0214  Y 0515
X 02195  Y 0515
X 0212  Y 0529
X 0221  Y 053
X 0223  Y 05365
X 0212  Y 05365
X 0225  Y 05495
X 02225  Y 05535
X 02125  Y 05535
X 02325  Y 05535
X 02525  Y 05535
X 02425  Y 05535
X 024  Y 05495
X 02325  Y 05425
X 02455  Y 0536
X 025  Y 0536
X 02405  Y 053
X 02455  Y 05285
X 025  Y 05285
X 02405  Y 0526
X 02405  Y 05215
X 02405  Y 0517
X 02325  Y 0511
X 02365  Y 0511
X 02285  Y 0511
X 0235  Y 0498
X 0233  Y 0476
X 0237  Y 0476
X 0232  Y 0464
X 0235  Y 04555
X 0235  Y 04445
X 0239  Y 0443
X 023  Y 04325
X 0239  Y 0432
X 02365  Y 04285
X 02365  Y 04165
X 023  Y 0408
X 023  Y 0404
X 024  Y 0404
X 025  Y 0404
X 02585  Y 0404
X 0261  Y 0414
X 0261  Y 045
X 0261  Y 046
X 0261  Y 047
X 0261  Y 04775
X 0261  Y 0492
X 0261  Y 052
X 02545  Y 05285
X 0261  Y 053
X 02545  Y 0536
X 0261  Y 054
X 0261  Y 055
Drill: .035  Tool: 2  Feed: 197  Speed: 55
X 02512  Y 0463
X 02512  Y 0473
Drill: .096  Tool: 3  Feed: 066  Speed: 55
X 02118  Y 04326
X 02512  Y 04326
X 02512  Y 05034
X 02118  Y 05034
End of Listing
