Drill Listing
=============
Drill: .015  Tool: 1  Feed: 095  Speed: 3
X 0249  Y 0469
X 0239  Y 0469
X 0249  Y 0481
X 0239  Y 0481
X 02835  Y 0486
X 0261  Y 0481
X 0271  Y 0481
X 0279  Y 048
X 0271  Y 0469
X 0261  Y 0469
X 0279  Y 0435
X 02835  Y 0429
X 02965  Y 0429
X 0301  Y 0435
X 0301  Y 048
X 02965  Y 0486
X 03075  Y 0488
X 0323  Y 0473
X 03595  Y 0473
X 03595  Y 0457
X 0323  Y 0457
X 0376  Y 0429
X 03715  Y 0435
X 038  Y 04415
X 03835  Y 0452
X 03765  Y 0452
X 03835  Y 0463
X 03765  Y 0463
X 038  Y 04735
X 03715  Y 048
X 0376  Y 0486
X 0389  Y 0486
X 03935  Y 048
X 0387  Y 04735
X 0389  Y 0463
X 0389  Y 0452
X 0387  Y 04415
X 03935  Y 0435
X 0389  Y 0429
X 0424  Y 04415
X 0414  Y 04415
X 0424  Y 04535
X 0414  Y 04535
X 0424  Y 0469
X 0414  Y 0469
X 0424  Y 0481
X 0414  Y 0481
X 0446  Y 0481
X 0436  Y 0481
X 0446  Y 0469
X 0436  Y 0469
X 0446  Y 04535
X 0436  Y 04535
X 0436  Y 04415
X 0446  Y 04415
Drill: .035  Tool: 2  Feed: 197  Speed: 55
X 0231  Y 04115
X 0221  Y 04115
X 0211  Y 04115
X 0251  Y 04115
X 0241  Y 04115
X 0271  Y 04115
X 0261  Y 04115
X 0281  Y 04115
X 0291  Y 04115
X 0301  Y 04115
Drill: .043  Tool: 3  Feed: 139  Speed: 55
X 0244  Y 05025
X 0253  Y 05025
X 02395  Y 05125
X 02485  Y 05125
X 02575  Y 05125
X 0244  Y 05225
X 0253  Y 05225
X 0262  Y 05225
X 0271  Y 05225
X 028  Y 05225
X 02665  Y 05125
X 02755  Y 05125
X 028  Y 05025
X 0262  Y 05025
X 0271  Y 05025
X 04025  Y 04115
X 0405  Y 05025
X 04095  Y 05125
X 0405  Y 05225
X 0432  Y 05225
X 0423  Y 05225
X 0414  Y 05225
X 04275  Y 05125
X 04185  Y 05125
X 0414  Y 05025
X 0432  Y 05025
X 0423  Y 05025
X 04325  Y 04115
X 04225  Y 04115
X 04125  Y 04115
X 04525  Y 04115
X 04425  Y 04115
X 0441  Y 05025
X 04455  Y 05125
X 04365  Y 05125
X 0441  Y 05225
X 04625  Y 04115
X 04725  Y 04115
Drill: .126  Tool: 4  Feed: 035  Speed: 794
X 02118  Y 05125
X 03102  Y 05125
X 03728  Y 05125
X 04712  Y 05125
Drill: .134  Tool: 5  Feed: 035  Speed: 794
X 02197  Y 04591
X 03417  Y 05339
X 03417  Y 04157
X 04638  Y 04591
End of Listing
