Drill Listing
=============
Drill: .015  Tool: 1  Feed: 095  Speed: 3
X 02625  Y 0796
X 02725  Y 0796
X 02675  Y 0796
X 03135  Y 08025
X 03135  Y 08075
X 02875  Y 0811
X 03135  Y 08125
X 02835  Y 08135
X 02915  Y 08135
X 03565  Y 08125
X 0411  Y 08125
X 03565  Y 08075
X 0411  Y 08075
X 03565  Y 08025
X 0411  Y 08025
X 0354  Y 0411
X 0346  Y 0411
X 035  Y 04085
X 05075  Y 0791
X 05035  Y 07935
X 05115  Y 07935
X 04825  Y 0796
X 04875  Y 0796
X 04925  Y 0796
X 0557  Y 08035
X 0548  Y 08035
X 05835  Y 0781
X 05725  Y 0775
X 05835  Y 0766
X 05725  Y 076
X 05835  Y 0751
X 05525  Y 0746
X 05725  Y 0745
X 05835  Y 0736
X 05725  Y 073
X 05525  Y 07245
X 05985  Y 064
X 05985  Y 0645
X 05985  Y 065
X 06325  Y 06575
X 062  Y 0665
X 0629  Y 068
X 0616  Y 0686
X 0616  Y 0691
X 0591  Y 0736
X 0591  Y 0751
X 0591  Y 0766
X 0626  Y 07725
X 0626  Y 07775
X 0591  Y 0781
X 0626  Y 07825
X 0636  Y 07935
X 06335  Y 07975
X 0636  Y 08015
X 0659  Y 08015
X 06615  Y 07975
X 0659  Y 07935
X 0669  Y 07825
X 0669  Y 07775
X 0669  Y 07725
X 06415  Y 065
X 06415  Y 0645
X 06415  Y 064
X 0778  Y 0795
X 0778  Y 08025
X 07835  Y 08125
X 0773  Y 0817
X 0785  Y 0819
X 07475  Y 08325
X 0785  Y 0836
Drill: .022  Tool: 2  Feed: 197  Speed: 55
X 0216  Y 08405
X 022092  Y 08405
X 022584  Y 08405
X 023076  Y 08405
X 023568  Y 08405
X 02406  Y 08405
X 024552  Y 08405
X 025044  Y 08405
X 0216  Y 084542
X 023568  Y 084542
X 022584  Y 084542
X 02406  Y 084542
X 022092  Y 084542
X 024552  Y 084542
X 023076  Y 084542
X 025044  Y 084542
Drill: .035  Tool: 3  Feed: 197  Speed: 55
X 05215  Y 0823
X 05315  Y 0823
X 05415  Y 0823
X 05515  Y 0823
X 05615  Y 0823
Drill: .043  Tool: 4  Feed: 139  Speed: 55
X 0246  Y 05015
X 02348  Y 05069
X 0246  Y 05124
X 02348  Y 05178
X 0246  Y 05233
X 02348  Y 05287
X 0246  Y 05342
X 02348  Y 05396
X 0246  Y 05451
X 03624  Y 08407
X 03733  Y 08407
X 03842  Y 08407
X 03788  Y 08295
X 03897  Y 08295
X 0357  Y 08295
X 03679  Y 08295
X 04006  Y 08295
X 04115  Y 08295
X 04224  Y 08295
X 04333  Y 08295
X 03951  Y 08407
X 0406  Y 08407
X 04169  Y 08407
X 04278  Y 08407
X 0663  Y 08385
X 0654  Y 08385
X 06585  Y 08285
X 06495  Y 08285
X 0663  Y 08185
X 0654  Y 08185
X 069  Y 08185
X 0672  Y 08185
X 0681  Y 08185
X 06675  Y 08285
X 06765  Y 08285
X 06855  Y 08285
X 0681  Y 08385
X 069  Y 08385
X 0672  Y 08385
X 07995  Y 06975
X 08107  Y 0692
X 07995  Y 06866
X 08107  Y 068115
X 07995  Y 06757
X 08107  Y 067025
X 07995  Y 06648
X 08107  Y 065935
X 07995  Y 06539
X 08107  Y 064845
X 07995  Y 0643
X 08107  Y 063755
X 07995  Y 06321
X 08107  Y 062665
X 07995  Y 06212
X 08107  Y 061575
X 07995  Y 06103
X 08107  Y 060485
X 07995  Y 05994
X 08107  Y 059395
X 07995  Y 05885
X 08107  Y 058305
X 07995  Y 05776
X 08107  Y 057215
X 07995  Y 05667
X 08107  Y 056125
X 07995  Y 05558
X 08107  Y 055035
X 07995  Y 05449
X 08107  Y 053945
X 07995  Y 0534
X 08107  Y 052855
X 07995  Y 05231
X 08107  Y 051765
X 07995  Y 05122
X 08107  Y 050675
X 07995  Y 05013
Drill: .047  Tool: 5  Feed: 139  Speed: 55
X 028231  Y 0413
X 0302  Y 0413
X 032168  Y 0413
Drill: .055  Tool: 6  Feed: 107  Speed: 55
X 02975  Y 047
X 032407  Y 047
X 06035  Y 0615
X 0635  Y 0615
X 059267  Y 046342
X 0635  Y 046342
Drill: .059  Tool: 7  Feed: 107  Speed: 55
X 08055  Y 0852
Drill: .063  Tool: 8  Feed: 089  Speed: 55
X 08155  Y 0842
X 07955  Y 0842
X 07955  Y 0862
X 08155  Y 0862
Drill: .095  Tool: 9  Feed: 066  Speed: 55
X 043824  Y 076921
X 04599  Y 076921
Drill: .126  Tool: 10  Feed: 035  Speed: 794
X 02404  Y 04741
X 02404  Y 05725
X 03296  Y 08351
X 04607  Y 08351
X 06218  Y 08285
X 08051  Y 04744
X 08051  Y 07244
X 07202  Y 08285
Drill: .142  Tool: 11  Feed: 035  Speed: 9
X 02236  Y 04236
X 02236  Y 08016
X 08063  Y 08016
X 0515  Y 06126
X 08063  Y 04236
End of Listing
