Drill Listing
=============
Drill: .015  Tool: 1  Feed: 095  Speed: 3
X 0244  Y 04435
X 02465  Y 04475
X 0244  Y 04515
X 02505  Y 047
X 02555  Y 047
X 0261  Y 047
X 0304  Y 047
X 03095  Y 047
X 03145  Y 047
X 03675  Y 04445
X 03575  Y 04485
X 03875  Y 04525
X 04185  Y 0465
X 04185  Y 0475
X 0563  Y 05275
X 0563  Y 05125
X 055  Y 04985
X 0565  Y 04885
X 057  Y 04885
X 057  Y 04815
X 055  Y 04765
X 0558  Y 04635
X 0558  Y 04585
X 05495  Y 0455
X 0564  Y 04425
X 0586  Y 04425
X 059  Y 0453
X 05745  Y 0456
X 0584  Y 04645
X 0595  Y 04725
X 0585  Y 04815
X 059  Y 0502
X 0575  Y 0502
X 0586  Y 05275
X 06065  Y 04775
X 06015  Y 0475
X 07935  Y 0465
X 07935  Y 0475
Drill: .043  Tool: 2  Feed: 139  Speed: 55
X 02675  Y 04475
X 02775  Y 04475
X 02875  Y 04475
X 02825  Y 0505
X 02525  Y 0505
X 02825  Y 0535
X 02825  Y 0555
X 02525  Y 0555
X 03325  Y 0555
X 03625  Y 0555
X 03625  Y 0535
X 03625  Y 0505
X 03325  Y 0505
X 02975  Y 04475
X 04125  Y 0505
X 04425  Y 0505
X 04425  Y 0535
X 04125  Y 0555
X 04425  Y 0555
X 04925  Y 0555
X 04925  Y 0505
X 05085  Y 04305
X 05185  Y 04305
X 05185  Y 04205
X 05085  Y 04205
X 05285  Y 04205
X 05385  Y 04205
X 05485  Y 04205
X 05385  Y 04305
X 05285  Y 04305
X 05485  Y 04305
X 05225  Y 0505
X 05225  Y 0535
X 05225  Y 0555
X 06275  Y 0555
X 06575  Y 0555
X 06575  Y 0535
X 06575  Y 0505
X 06275  Y 0505
X 07075  Y 0505
X 07375  Y 0505
X 07375  Y 0535
X 07075  Y 0555
X 07375  Y 0555
X 07875  Y 0555
X 07875  Y 0505
X 07647  Y 044681
X 078832  Y 044681
X 077651  Y 044681
X 077651  Y 0435
X 07647  Y 0435
X 078832  Y 0435
X 081194  Y 0435
X 080013  Y 0435
X 083556  Y 0435
X 082375  Y 0435
X 081194  Y 044681
X 080013  Y 044681
X 083556  Y 044681
X 082375  Y 044681
X 08175  Y 0505
X 08175  Y 0535
X 08175  Y 0555
X 08675  Y 0555
X 08675  Y 0505
X 084737  Y 044681
X 085918  Y 044681
X 0871  Y 044681
X 085918  Y 0435
X 084737  Y 0435
X 0871  Y 0435
X 08975  Y 0505
X 08975  Y 0535
X 08975  Y 0555
Drill: .059  Tool: 3  Feed: 107  Speed: 55
X 0231  Y 0616
X 0294  Y 0616
X 0357  Y 0616
X 042  Y 0616
X 0483  Y 0616
X 0546  Y 0616
X 0609  Y 0616
X 0672  Y 0616
X 0735  Y 0616
X 0798  Y 0616
X 0861  Y 0616
X 0924  Y 0616
Drill: .063  Tool: 4  Feed: 089  Speed: 55
X 0241  Y 0606
X 0221  Y 0606
X 0284  Y 0606
X 0241  Y 0626
X 0221  Y 0626
X 0284  Y 0626
X 0304  Y 0626
X 0347  Y 0626
X 0367  Y 0626
X 0367  Y 0606
X 0347  Y 0606
X 0304  Y 0606
X 041  Y 0606
X 043  Y 0606
X 041  Y 0626
X 043  Y 0626
X 0473  Y 0626
X 0493  Y 0626
X 0493  Y 0606
X 0473  Y 0606
X 0536  Y 0606
X 0556  Y 0606
X 0536  Y 0626
X 0556  Y 0626
X 0599  Y 0626
X 0619  Y 0626
X 0662  Y 0626
X 0599  Y 0606
X 0662  Y 0606
X 0619  Y 0606
X 0682  Y 0606
X 0745  Y 0606
X 0725  Y 0606
X 0682  Y 0626
X 0725  Y 0626
X 0745  Y 0626
X 0788  Y 0626
X 0808  Y 0626
X 0808  Y 0606
X 0788  Y 0606
X 0851  Y 0606
X 0871  Y 0606
X 0851  Y 0626
X 0871  Y 0626
X 0914  Y 0626
X 0934  Y 0626
X 0934  Y 0606
X 0914  Y 0606
Drill: .095  Tool: 5  Feed: 066  Speed: 55
X 075623  Y 041799
X 087946  Y 041799
Drill: .142  Tool: 6  Feed: 035  Speed: 9
X 02236  Y 04236
X 02236  Y 05654
X 09244  Y 05654
X 09244  Y 04236
End of Listing
